C251 COMPILER V5.60.0,  BatVoltage                                                         03/09/24  13:56:03  PAGE 1   


C251 COMPILER V5.60.0, COMPILATION OF MODULE BatVoltage
OBJECT MODULE PLACED IN .\obj\BatVoltage.obj
COMPILER INVOKED BY: D:\KeilMDK\C251\BIN\C251.EXE Hardware\BatVoltage\BatVoltage.c XSMALL INTR2 OPTIMIZE(0,SPEED) BROWSE
                    - INCDIR(.\User;.\Hardware\CalcDoseRate;.\Hardware\Cmd;.\Hardware\Flash;.\Hardware\IIC;.\Hardware\Mcp4725;.\Hardware\Sens
                    -or;.\Hardware\System;.\Hardware\Uart;.\User;.\Hardware\BatVoltage;.\Hardware\DoseRate;.\Hardware\CalcCps;.\Hardware\CRC;
                    -.\Hardware\Queue) PRINT(.\obj\BatVoltage.lst) OBJECT(.\obj\BatVoltage.obj) 

stmt  level    source

    1          #include "main.h"
    2          
    3          #define AD_NUM 10
    4          #define WWQ_time_out 0xfff
    5          
    6          void Adc_Init()
    7          {
    8   1          P_SW2 |= 0x80;
    9   1          ADCTIM = 0x3f;      //设置 ADC 内部时序，ADC采样时间建议设最大值
   10   1          ADCCFG = 0x2f;      //设置 ADC 时钟为系统时钟/2/16/16
   11   1          ADC_CONTR = 0x80;   //使能 ADC 模块
   12   1          //EADC = 1;
   13   1          _nop_();
   14   1          delay_ms(1);
   15   1      
   16   1          
   17   1      }
   18          
   19          #if 1
   20          uint16_t arrange(uint16_t *a,uint8_t n);
   21          #endif
   22          
   23          //unsigned int ADC16Result = 0; 
   24          
   25          uint16_t DeviceGetBatVal(void)
   26          {
   27   1          #if 1 
   28   1          u8 channel = 1;
   29   1          uint16_t i = 0,j = 0, myad[AD_NUM] = {0};
   30   1              float    temp = 0.0;
   31   1          ADC_RES = 0;
   32   1          ADC_RESL = 0;
   33   1          
   34   1          i = 0;
   35   1          while(i < AD_NUM)
   36   1          {
   37   2              ADC_CONTR |= (1<<0);  //通道1
   38   2              ADC_START = 1;                   // Start conversions            
   39   2              _nop_();
   40   2              _nop_();
   41   2              _nop_();
   42   2              _nop_();
   43   2              _nop_();
   44   2              while (!(ADC_FLAG))
   45   2              {
   46   3                  j++;  //防止AD内部电路出错
   47   3                  if( j == WWQ_time_out)
   48   3                  {
   49   4                      return 0;//2v,ad这时可能就不工作了
   50   4                  } 
   51   3              }
   52   2              ADC_START = 0; 
   53   2              ADC_FLAG = 0;;   // Clear Int
   54   2              j = 0; //测量完一次
   55   2              myad[i++] = ((uint16_t)(ADC_RES << 8)) | ADC_RESL;
   56   2              delay_us(100);
C251 COMPILER V5.60.0,  BatVoltage                                                         03/09/24  13:56:03  PAGE 2   

   57   2          }
   58   1          ADC_START = 0; 
   59   1          delay_us(1000);
   60   1      
   61   1          //temp = arrange(myad,AD_NUM)*4500.0;
   62   1          //temp = temp/4095.0;
   63   1          temp = arrange((uint16_t *)myad,AD_NUM);
   64   1          temp = temp*2.27;
   65   1          //temp = temp*15.8-2502;
   66   1          //temp = temp*2; //temp * 2.99 + 28; //电压变换
   67   1          #else
                   
                   float    temp = 0.0;
                   
                   //wrtoADS1110();
                   //ADC16Result = rdfromADS1110();    
               
                   temp = ADC16Result / 65535.0 * 2048 * 3 + 235;
                   #endif
   76   1          return (uint16_t)temp;
   77   1      }
   78          
   79          #if 1
   80          // 去掉两个最大值、和两个最小值
   81          uint16_t arrange(uint16_t *a,uint8_t n)
   82          {
   83   1          uint8_t i,j;
   84   1          uint16_t m;
   85   1      
   86   1          //  排序
   87   1          for (i=0; i<n-1; i++)
   88   1          {
   89   2              for (j=i+1; j<n; j++)
   90   2              {
   91   3                  if (a[j]>a[i])
   92   3                  {
   93   4                      m=a[i];
   94   4                      a[i]=a[j];
   95   4                      a[j]=m;
   96   4                  }
   97   3              }
   98   2          }
   99   1          
  100   1          return ((a[3] + a[4] + a[5] + a[6])/4);
  101   1      }
  102          #endif
  103          
  104          void DeviceGetBatAlarm(STU_BATTERY *bat)
  105          {
  106   1              static uint8_t oldbat = 100;//电池电量显示只降不升
  107   1              bat->Voltage = DeviceGetBatVal();
  108   1              
  109   1              if(bat->Voltage < 3100)
  110   1              {
  111   2                      bat->batPercent = 0;
  112   2              }
  113   1              else
  114   1              {
  115   2                      bat->batPercent = (bat->Voltage-3100)/10;//电池电压理论3~4.2V，我们弄成3.1~4.1
  116   2              }
  117   1              if(oldbat < bat->batPercent)
  118   1              {
  119   2                      bat->batPercent = oldbat;
  120   2              }
  121   1              if(bat->batPercent>100)
  122   1              {
C251 COMPILER V5.60.0,  BatVoltage                                                         03/09/24  13:56:03  PAGE 3   

  123   2                      bat->batPercent = 100;
  124   2              }
  125   1              if(bat->batPercent<3)
  126   1              {
  127   2                      bat->Status = 1;
  128   2              }
  129   1              else if(bat->batPercent>15)
  130   1              {
  131   2                      bat->Status = 0;
  132   2              }
  133   1              oldbat = bat->batPercent;
  134   1      }


Module Information          Static   Overlayable
------------------------------------------------
  code size            =       731     ------
  ecode size           =    ------     ------
  data size            =    ------     ------
  idata size           =    ------     ------
  pdata size           =    ------     ------
  xdata size           =    ------     ------
  xdata-const size     =    ------     ------
  edata size           =        43     ------
  bit size             =    ------     ------
  ebit size            =    ------     ------
  bitaddressable size  =    ------     ------
  ebitaddressable size =    ------     ------
  far data size        =    ------     ------
  huge data size       =    ------     ------
  const size           =    ------     ------
  hconst size          =        25     ------
End of Module Information.


C251 COMPILATION COMPLETE.  0 WARNING(S),  0 ERROR(S)
